[debug] [2025-01-26T10:02:07.875Z] ----------------------------------------------------------------------
[debug] [2025-01-26T10:02:07.883Z] Command:       C:\Program Files\nodejs\node.exe C:\Users\vaibh\AppData\Roaming\npm\node_modules\firebase-tools\lib\bin\firebase.js init
[debug] [2025-01-26T10:02:07.883Z] CLI Version:   13.29.2
[debug] [2025-01-26T10:02:07.884Z] Platform:      win32
[debug] [2025-01-26T10:02:07.884Z] Node Version:  v20.8.0
[debug] [2025-01-26T10:02:07.884Z] Time:          Sun Jan 26 2025 15:32:07 GMT+0530 (India Standard Time)
[debug] [2025-01-26T10:02:07.884Z] ----------------------------------------------------------------------
[debug] 
[debug] [2025-01-26T10:02:07.892Z] > command requires scopes: ["email","openid","https://www.googleapis.com/auth/cloudplatformprojects.readonly","https://www.googleapis.com/auth/firebase","https://www.googleapis.com/auth/cloud-platform"]
[debug] [2025-01-26T10:02:07.892Z] > authorizing via signed-in user (vaibhavvishnu456@gmail.com)
[info] 
     ######## #### ########  ######## ########     ###     ######  ########
     ##        ##  ##     ## ##       ##     ##  ##   ##  ##       ##
     ######    ##  ########  ######   ########  #########  ######  ######
     ##        ##  ##    ##  ##       ##     ## ##     ##       ## ##
     ##       #### ##     ## ######## ########  ##     ##  ######  ########

You're about to initialize a Firebase project in this directory:

  C:\Users\vaibh\Desktop\aadhar_agro_site\frontend

[info] 
=== Project Setup
[info] 
[info] First, let's associate this project directory with a Firebase project.
[info] You can create multiple project aliases by running firebase use --add, 
[info] but for now we'll just set up a default project.
[info] 
[debug] [2025-01-26T10:02:17.784Z] Checked if tokens are valid: true, expires at: 1737888891141
[debug] [2025-01-26T10:02:17.784Z] Checked if tokens are valid: true, expires at: 1737888891141
[debug] [2025-01-26T10:02:17.786Z] >>> [apiv2][query] GET https://firebase.googleapis.com/v1beta1/projects pageSize=100
[debug] [2025-01-26T10:02:18.847Z] <<< [apiv2][status] GET https://firebase.googleapis.com/v1beta1/projects 200
[debug] [2025-01-26T10:02:18.847Z] <<< [apiv2][body] GET https://firebase.googleapis.com/v1beta1/projects [omitted]
[info] i  Using project aadhar-agro (Aadhar-agro) 
[info] 
=== Dataconnect Setup
[debug] [2025-01-26T10:02:19.865Z] Checked if tokens are valid: true, expires at: 1737888891141
[debug] [2025-01-26T10:02:19.865Z] Checked if tokens are valid: true, expires at: 1737888891141
[debug] [2025-01-26T10:02:19.866Z] >>> [apiv2][query] GET https://cloudbilling.googleapis.com/v1/projects/aadhar-agro/billingInfo [none]
[debug] [2025-01-26T10:02:21.663Z] <<< [apiv2][status] GET https://cloudbilling.googleapis.com/v1/projects/aadhar-agro/billingInfo 200
[debug] [2025-01-26T10:02:21.663Z] <<< [apiv2][body] GET https://cloudbilling.googleapis.com/v1/projects/aadhar-agro/billingInfo {"name":"projects/aadhar-agro/billingInfo","projectId":"aadhar-agro","billingAccountName":"","billingEnabled":false}
[info] i  dataconnect: ensuring required API sqladmin.googleapis.com is enabled... 
[debug] [2025-01-26T10:02:21.664Z] Checked if tokens are valid: true, expires at: 1737888891141
[debug] [2025-01-26T10:02:21.664Z] Checked if tokens are valid: true, expires at: 1737888891141
[debug] [2025-01-26T10:02:21.664Z] >>> [apiv2][query] GET https://serviceusage.googleapis.com/v1/projects/aadhar-agro/services/sqladmin.googleapis.com [none]
[debug] [2025-01-26T10:02:21.664Z] >>> [apiv2][(partial)header] GET https://serviceusage.googleapis.com/v1/projects/aadhar-agro/services/sqladmin.googleapis.com x-goog-quota-user=projects/aadhar-agro
[debug] [2025-01-26T10:02:23.864Z] <<< [apiv2][status] GET https://serviceusage.googleapis.com/v1/projects/aadhar-agro/services/sqladmin.googleapis.com 200
[debug] [2025-01-26T10:02:23.864Z] <<< [apiv2][body] GET https://serviceusage.googleapis.com/v1/projects/aadhar-agro/services/sqladmin.googleapis.com [omitted]
[info] +  dataconnect: required API sqladmin.googleapis.com is enabled 
[info] i  dataconnect\dataconnect.yaml is unchanged 
[info] i  dataconnect\schema\schema.gql is unchanged 
[info] +  Wrote dataconnect\connector\connector.yaml 
[info] i  dataconnect\connector\queries.gql is unchanged 
[info] i  dataconnect\connector\mutations.gql is unchanged 
[info] +  Detected WEB app in directory C:\Users\vaibh\Desktop\aadhar_agro_site\frontend 
[info] i  Wrote new config to C:\Users\vaibh\Desktop\aadhar_agro_site\frontend\dataconnect\connector/connector.yaml 
[info] I0126 15:32:34.077627   26184 codegen.go:82] [connector "default" javascriptSdk] Generating sources into "C:\\Users\\vaibh\\Desktop\\aadhar_agro_site\\frontend\\dataconnect-generated\\js\\default-connector"
I0126 15:32:34.080132   26184 generate.go:40] Generated all sources. Writing them to disk...
I0126 15:32:34.083228   26184 collector.go:107] connector "default" javascriptSdk wrote into "C:\\Users\\vaibh\\Desktop\\aadhar_agro_site\\frontend\\dataconnect-generated\\js\\default-connector"
Generated sources: index.cjs.js [208B] package.json [634B] README.md [2740B] index.d.ts [261B] esm\index.esm.js [167B] esm\package.json [17B] 
I0126 15:32:34.094574   26184 installsdk.go:76] Running command: C:\Program Files\nodejs\npm.cmd install file:dataconnect-generated\js\default-connector

[info] i  Generated SDK code for default 
[info] +  If you'd like to add more generated SDKs to your app your later, run firebase init dataconnect:sdk again 
[info] i  If you'd like to provision a CloudSQL Postgres instance on the Firebase Data Connect no-cost trial:
1. Please upgrade to the pay-as-you-go (Blaze) billing plan. Visit the following page:
     https://console.firebase.google.com/project/aadhar-agro/usage/details
2. Run firebase init dataconnect again to configure the Cloud SQL instance.
3. Run firebase deploy --only dataconnect to deploy your Data Connect service. 
[info] 
=== Firestore Setup
[debug] [2025-01-26T10:02:39.240Z] Checked if tokens are valid: true, expires at: 1737888891141
[debug] [2025-01-26T10:02:39.240Z] Checked if tokens are valid: true, expires at: 1737888891141
[debug] [2025-01-26T10:02:39.240Z] >>> [apiv2][query] GET https://serviceusage.googleapis.com/v1/projects/aadhar-agro/services/firestore.googleapis.com [none]
[debug] [2025-01-26T10:02:39.240Z] >>> [apiv2][(partial)header] GET https://serviceusage.googleapis.com/v1/projects/aadhar-agro/services/firestore.googleapis.com x-goog-quota-user=projects/aadhar-agro
[debug] [2025-01-26T10:02:41.359Z] <<< [apiv2][status] GET https://serviceusage.googleapis.com/v1/projects/aadhar-agro/services/firestore.googleapis.com 200
[debug] [2025-01-26T10:02:41.359Z] <<< [apiv2][body] GET https://serviceusage.googleapis.com/v1/projects/aadhar-agro/services/firestore.googleapis.com [omitted]
[debug] [2025-01-26T10:02:41.359Z] Checked if tokens are valid: true, expires at: 1737888891141
[debug] [2025-01-26T10:02:41.360Z] Checked if tokens are valid: true, expires at: 1737888891141
[debug] [2025-01-26T10:02:41.360Z] >>> [apiv2][query] GET https://firestore.googleapis.com/v1/projects/aadhar-agro/databases/(default) [none]
[debug] [2025-01-26T10:02:41.880Z] <<< [apiv2][status] GET https://firestore.googleapis.com/v1/projects/aadhar-agro/databases/(default) 200
[debug] [2025-01-26T10:02:41.880Z] <<< [apiv2][body] GET https://firestore.googleapis.com/v1/projects/aadhar-agro/databases/(default) {"name":"projects/aadhar-agro/databases/(default)","uid":"37ec6040-5d95-4e44-83ea-940a369601ee","createTime":"2025-01-26T10:01:35.649824Z","updateTime":"2025-01-26T10:01:35.649824Z","locationId":"asia-south1","type":"FIRESTORE_NATIVE","concurrencyMode":"PESSIMISTIC","versionRetentionPeriod":"3600s","earliestVersionTime":"2025-01-26T10:01:35.649824Z","appEngineIntegrationMode":"DISABLED","keyPrefix":"j","pointInTimeRecoveryEnablement":"POINT_IN_TIME_RECOVERY_DISABLED","deleteProtectionState":"DELETE_PROTECTION_DISABLED","databaseEdition":"STANDARD","etag":"IKW29/uQk4sDMKDQstyQk4sD"}
[debug] [2025-01-26T10:02:41.880Z] database_type: FIRESTORE_NATIVE
[debug] [2025-01-26T10:02:41.880Z] database_type: FIRESTORE_NATIVE
[debug] [2025-01-26T10:02:41.880Z] > command requires scopes: ["email","openid","https://www.googleapis.com/auth/cloudplatformprojects.readonly","https://www.googleapis.com/auth/firebase","https://www.googleapis.com/auth/cloud-platform"]
[debug] [2025-01-26T10:02:41.880Z] > authorizing via signed-in user (vaibhavvishnu456@gmail.com)
[debug] [2025-01-26T10:02:41.880Z] [iam] checking project aadhar-agro for permissions ["firebase.projects.get"]
[debug] [2025-01-26T10:02:41.881Z] Checked if tokens are valid: true, expires at: 1737888891141
[debug] [2025-01-26T10:02:41.881Z] Checked if tokens are valid: true, expires at: 1737888891141
[debug] [2025-01-26T10:02:41.881Z] >>> [apiv2][query] POST https://cloudresourcemanager.googleapis.com/v1/projects/aadhar-agro:testIamPermissions [none]
[debug] [2025-01-26T10:02:41.881Z] >>> [apiv2][(partial)header] POST https://cloudresourcemanager.googleapis.com/v1/projects/aadhar-agro:testIamPermissions x-goog-quota-user=projects/aadhar-agro
[debug] [2025-01-26T10:02:41.881Z] >>> [apiv2][body] POST https://cloudresourcemanager.googleapis.com/v1/projects/aadhar-agro:testIamPermissions {"permissions":["firebase.projects.get"]}
[debug] [2025-01-26T10:02:43.361Z] <<< [apiv2][status] POST https://cloudresourcemanager.googleapis.com/v1/projects/aadhar-agro:testIamPermissions 200
[debug] [2025-01-26T10:02:43.362Z] <<< [apiv2][body] POST https://cloudresourcemanager.googleapis.com/v1/projects/aadhar-agro:testIamPermissions {"permissions":["firebase.projects.get"]}
[info] 
[info] Firestore Security Rules allow you to define how and when to allow
[info] requests. You can keep these rules in your project directory
[info] and publish them with firebase deploy.
[info] 
[debug] [2025-01-26T10:02:49.560Z] Checked if tokens are valid: true, expires at: 1737888891141
[debug] [2025-01-26T10:02:49.560Z] Checked if tokens are valid: true, expires at: 1737888891141
[debug] [2025-01-26T10:02:49.561Z] >>> [apiv2][query] GET https://firebaserules.googleapis.com/v1/projects/aadhar-agro/releases pageSize=10&pageToken=
[debug] [2025-01-26T10:02:51.397Z] <<< [apiv2][status] GET https://firebaserules.googleapis.com/v1/projects/aadhar-agro/releases 200
[debug] [2025-01-26T10:02:51.398Z] <<< [apiv2][body] GET https://firebaserules.googleapis.com/v1/projects/aadhar-agro/releases {"releases":[{"name":"projects/aadhar-agro/releases/cloud.firestore","rulesetName":"projects/aadhar-agro/rulesets/5aed3868-d8b4-4587-9d60-98c454df9b08","createTime":"2025-01-26T10:01:45.539964Z","updateTime":"2025-01-26T10:01:45.539964Z"}]}
[debug] [2025-01-26T10:02:51.398Z] Found ruleset: projects/aadhar-agro/rulesets/5aed3868-d8b4-4587-9d60-98c454df9b08
[debug] [2025-01-26T10:02:51.398Z] Checked if tokens are valid: true, expires at: 1737888891141
[debug] [2025-01-26T10:02:51.398Z] Checked if tokens are valid: true, expires at: 1737888891141
[debug] [2025-01-26T10:02:51.398Z] >>> [apiv2][query] GET https://firebaserules.googleapis.com/v1/projects/aadhar-agro/rulesets/5aed3868-d8b4-4587-9d60-98c454df9b08 [none]
[debug] [2025-01-26T10:02:52.825Z] <<< [apiv2][status] GET https://firebaserules.googleapis.com/v1/projects/aadhar-agro/rulesets/5aed3868-d8b4-4587-9d60-98c454df9b08 200
[debug] [2025-01-26T10:02:52.825Z] <<< [apiv2][body] GET https://firebaserules.googleapis.com/v1/projects/aadhar-agro/rulesets/5aed3868-d8b4-4587-9d60-98c454df9b08 [omitted]
[info] 
[info] Firestore indexes allow you to perform complex queries while
[info] maintaining performance that scales with the size of the result
[info] set. You can keep index definitions in your project directory
[info] and publish them with firebase deploy.
[info] 
[debug] [2025-01-26T10:02:56.012Z] Checked if tokens are valid: true, expires at: 1737888891141
[debug] [2025-01-26T10:02:56.012Z] Checked if tokens are valid: true, expires at: 1737888891141
[debug] [2025-01-26T10:02:56.012Z] Checked if tokens are valid: true, expires at: 1737888891141
[debug] [2025-01-26T10:02:56.012Z] Checked if tokens are valid: true, expires at: 1737888891141
[debug] [2025-01-26T10:02:56.012Z] >>> [apiv2][query] GET https://firestore.googleapis.com/v1/projects/aadhar-agro/databases/(default)/collectionGroups/-/indexes [none]
[debug] [2025-01-26T10:02:56.014Z] >>> [apiv2][query] GET https://firestore.googleapis.com/v1/projects/aadhar-agro/databases/(default)/collectionGroups/-/fields?filter=indexConfig.usesAncestorConfig=false OR ttlConfig:* [none]
[debug] [2025-01-26T10:02:56.502Z] <<< [apiv2][status] GET https://firestore.googleapis.com/v1/projects/aadhar-agro/databases/(default)/collectionGroups/-/indexes 200
[debug] [2025-01-26T10:02:56.502Z] <<< [apiv2][body] GET https://firestore.googleapis.com/v1/projects/aadhar-agro/databases/(default)/collectionGroups/-/indexes {}
[debug] [2025-01-26T10:02:56.582Z] <<< [apiv2][status] GET https://firestore.googleapis.com/v1/projects/aadhar-agro/databases/(default)/collectionGroups/-/fields?filter=indexConfig.usesAncestorConfig=false OR ttlConfig:* 200
[debug] [2025-01-26T10:02:56.582Z] <<< [apiv2][body] GET https://firestore.googleapis.com/v1/projects/aadhar-agro/databases/(default)/collectionGroups/-/fields?filter=indexConfig.usesAncestorConfig=false OR ttlConfig:* {"fields":[{"name":"projects/aadhar-agro/databases/(default)/collectionGroups/__default__/fields/*","indexConfig":{"indexes":[{"queryScope":"COLLECTION","fields":[{"fieldPath":"*","order":"ASCENDING"}],"state":"READY"},{"queryScope":"COLLECTION","fields":[{"fieldPath":"*","order":"DESCENDING"}],"state":"READY"},{"queryScope":"COLLECTION","fields":[{"fieldPath":"*","arrayConfig":"CONTAINS"}],"state":"READY"}]}}]}
[info] 
=== Genkit Setup
[debug] [2025-01-26T10:03:06.864Z] > command requires scopes: ["email","openid","https://www.googleapis.com/auth/cloudplatformprojects.readonly","https://www.googleapis.com/auth/firebase","https://www.googleapis.com/auth/cloud-platform"]
[debug] [2025-01-26T10:03:06.864Z] > authorizing via signed-in user (vaibhavvishnu456@gmail.com)
[debug] [2025-01-26T10:03:06.864Z] [iam] checking project aadhar-agro for permissions ["firebase.projects.get"]
[debug] [2025-01-26T10:03:06.864Z] Checked if tokens are valid: true, expires at: 1737888891141
[debug] [2025-01-26T10:03:06.865Z] Checked if tokens are valid: true, expires at: 1737888891141
[debug] [2025-01-26T10:03:06.865Z] >>> [apiv2][query] POST https://cloudresourcemanager.googleapis.com/v1/projects/aadhar-agro:testIamPermissions [none]
[debug] [2025-01-26T10:03:06.865Z] >>> [apiv2][(partial)header] POST https://cloudresourcemanager.googleapis.com/v1/projects/aadhar-agro:testIamPermissions x-goog-quota-user=projects/aadhar-agro
[debug] [2025-01-26T10:03:06.865Z] >>> [apiv2][body] POST https://cloudresourcemanager.googleapis.com/v1/projects/aadhar-agro:testIamPermissions {"permissions":["firebase.projects.get"]}
[debug] [2025-01-26T10:03:08.380Z] <<< [apiv2][status] POST https://cloudresourcemanager.googleapis.com/v1/projects/aadhar-agro:testIamPermissions 200
[debug] [2025-01-26T10:03:08.380Z] <<< [apiv2][body] POST https://cloudresourcemanager.googleapis.com/v1/projects/aadhar-agro:testIamPermissions {"permissions":["firebase.projects.get"]}
[debug] [2025-01-26T10:03:08.380Z] Checked if tokens are valid: true, expires at: 1737888891141
[debug] [2025-01-26T10:03:08.380Z] Checked if tokens are valid: true, expires at: 1737888891141
[debug] [2025-01-26T10:03:08.380Z] Checked if tokens are valid: true, expires at: 1737888891141
[debug] [2025-01-26T10:03:08.380Z] Checked if tokens are valid: true, expires at: 1737888891141
[debug] [2025-01-26T10:03:08.380Z] >>> [apiv2][query] GET https://serviceusage.googleapis.com/v1/projects/aadhar-agro/services/cloudfunctions.googleapis.com [none]
[debug] [2025-01-26T10:03:08.380Z] >>> [apiv2][(partial)header] GET https://serviceusage.googleapis.com/v1/projects/aadhar-agro/services/cloudfunctions.googleapis.com x-goog-quota-user=projects/aadhar-agro
[debug] [2025-01-26T10:03:08.382Z] >>> [apiv2][query] GET https://serviceusage.googleapis.com/v1/projects/aadhar-agro/services/runtimeconfig.googleapis.com [none]
[debug] [2025-01-26T10:03:08.382Z] >>> [apiv2][(partial)header] GET https://serviceusage.googleapis.com/v1/projects/aadhar-agro/services/runtimeconfig.googleapis.com x-goog-quota-user=projects/aadhar-agro
[debug] [2025-01-26T10:03:10.366Z] <<< [apiv2][status] GET https://serviceusage.googleapis.com/v1/projects/aadhar-agro/services/runtimeconfig.googleapis.com 200
[debug] [2025-01-26T10:03:10.366Z] <<< [apiv2][body] GET https://serviceusage.googleapis.com/v1/projects/aadhar-agro/services/runtimeconfig.googleapis.com [omitted]
[debug] [2025-01-26T10:03:10.370Z] <<< [apiv2][status] GET https://serviceusage.googleapis.com/v1/projects/aadhar-agro/services/cloudfunctions.googleapis.com 200
[debug] [2025-01-26T10:03:10.370Z] <<< [apiv2][body] GET https://serviceusage.googleapis.com/v1/projects/aadhar-agro/services/cloudfunctions.googleapis.com [omitted]
[debug] [2025-01-26T10:03:10.370Z] Checked if tokens are valid: true, expires at: 1737888891141
[debug] [2025-01-26T10:03:10.370Z] Checked if tokens are valid: true, expires at: 1737888891141
[debug] [2025-01-26T10:03:10.370Z] >>> [apiv2][query] POST https://serviceusage.googleapis.com/v1/projects/aadhar-agro/services/cloudfunctions.googleapis.com:enable [none]
[debug] [2025-01-26T10:03:10.370Z] >>> [apiv2][(partial)header] POST https://serviceusage.googleapis.com/v1/projects/aadhar-agro/services/cloudfunctions.googleapis.com:enable x-goog-quota-user=projects/aadhar-agro
[debug] [2025-01-26T10:03:12.521Z] <<< [apiv2][status] POST https://serviceusage.googleapis.com/v1/projects/aadhar-agro/services/cloudfunctions.googleapis.com:enable 200
[debug] [2025-01-26T10:03:12.521Z] <<< [apiv2][body] POST https://serviceusage.googleapis.com/v1/projects/aadhar-agro/services/cloudfunctions.googleapis.com:enable [omitted]
[debug] [2025-01-26T10:03:22.526Z] Checked if tokens are valid: true, expires at: 1737888891141
[debug] [2025-01-26T10:03:22.526Z] Checked if tokens are valid: true, expires at: 1737888891141
[debug] [2025-01-26T10:03:22.526Z] >>> [apiv2][query] GET https://serviceusage.googleapis.com/v1/projects/aadhar-agro/services/cloudfunctions.googleapis.com [none]
[debug] [2025-01-26T10:03:22.526Z] >>> [apiv2][(partial)header] GET https://serviceusage.googleapis.com/v1/projects/aadhar-agro/services/cloudfunctions.googleapis.com x-goog-quota-user=projects/aadhar-agro
[debug] [2025-01-26T10:03:24.482Z] <<< [apiv2][status] GET https://serviceusage.googleapis.com/v1/projects/aadhar-agro/services/cloudfunctions.googleapis.com 200
[debug] [2025-01-26T10:03:24.482Z] <<< [apiv2][body] GET https://serviceusage.googleapis.com/v1/projects/aadhar-agro/services/cloudfunctions.googleapis.com [omitted]
[info] Let's create a new codebase for your functions.
[info] A directory corresponding to the codebase will be created in your project
[info] with sample code pre-configured.

[info] See https://firebase.google.com/docs/functions/organize-functions for
[info] more information on organizing your functions using codebases.

[info] Functions can be deployed with firebase deploy.

[info] +  Wrote functions/package.json 
[info] +  Wrote functions/.eslintrc.js 
[info] +  Wrote functions/tsconfig.json 
[info] +  Wrote functions/tsconfig.dev.json 
[info] +  Wrote functions/src/index.ts 
[info] +  Wrote functions/.gitignore 
